<?xml version="1.0" encoding="UTF-8"?>
<testng-results skipped="0" failed="0" ignored="0" total="0" passed="0">
  <reporter-output>
  </reporter-output>
  <suite name="Atmecs_Automation" duration-ms="42" started-at="2019-10-29T07:23:58Z" finished-at="2019-10-29T07:23:58Z">
    <groups>
    </groups>
    <test name="Chrome browser test" duration-ms="5" started-at="2019-10-29T07:23:58Z" finished-at="2019-10-29T07:23:58Z">
    </test> <!-- Chrome browser test -->
    <test name="Firefox browser test" duration-ms="1" started-at="2019-10-29T07:23:58Z" finished-at="2019-10-29T07:23:58Z">
    </test> <!-- Firefox browser test -->
    <test name="IE browser test" duration-ms="0" started-at="2019-10-29T07:23:58Z" finished-at="2019-10-29T07:23:58Z">
    </test> <!-- IE browser test -->
  </suite> <!-- Atmecs_Automation -->
</testng-results>
