<?xml version="1.0" encoding="UTF-8"?>
<testng-results skipped="0" failed="0" ignored="0" total="1" passed="1">
  <reporter-output>
  </reporter-output>
  <suite name="Suite" duration-ms="131625" started-at="2019-10-15T11:13:31Z" finished-at="2019-10-15T11:15:42Z">
    <groups>
    </groups>
    <test name="Test" duration-ms="131625" started-at="2019-10-15T11:13:31Z" finished-at="2019-10-15T11:15:42Z">
      <class name="com.atmecs.TaskKonakart.TaskKonakort.SearchValidation">
        <test-method status="PASS" signature="initializeBrowser()[pri:0, instance:com.atmecs.TaskKonakart.TaskKonakort.SearchValidation@1d057a39]" name="initializeBrowser" is-config="true" duration-ms="6752" started-at="2019-10-15T11:13:32Z" finished-at="2019-10-15T11:13:38Z">
          <reporter-output>
          </reporter-output>
        </test-method> <!-- initializeBrowser -->
        <test-method status="PASS" signature="searchValidation(java.lang.String, java.lang.String)[pri:0, instance:com.atmecs.TaskKonakart.TaskKonakort.SearchValidation@1d057a39]" name="searchValidation" duration-ms="123250" started-at="2019-10-15T11:13:38Z" data-provider="konakart" finished-at="2019-10-15T11:15:42Z">
          <params>
            <param index="0">
              <value>
                <![CDATA[Games]]>
              </value>
            </param>
            <param index="1">
              <value>
                <![CDATA[The Wheel Of Time]]>
              </value>
            </param>
          </params>
          <reporter-output>
          </reporter-output>
        </test-method> <!-- searchValidation -->
        <test-method status="PASS" signature="getReport(org.testng.ITestResult)[pri:0, instance:com.atmecs.TaskKonakart.TaskKonakort.SearchValidation@1d057a39]" name="getReport" is-config="true" duration-ms="5" started-at="2019-10-15T11:15:42Z" finished-at="2019-10-15T11:15:42Z">
          <params>
            <param index="0">
              <value>
                <![CDATA[[TestResult name=searchValidation status=SUCCESS method=SearchValidation.searchValidation(java.lang.String, java.lang.String)[pri:0, instance:com.atmecs.TaskKonakart.TaskKonakort.SearchValidation@1d057a39] output={null}]]]>
              </value>
            </param>
          </params>
          <reporter-output>
          </reporter-output>
        </test-method> <!-- getReport -->
        <test-method status="PASS" signature="getClose()[pri:0, instance:com.atmecs.TaskKonakart.TaskKonakort.SearchValidation@1d057a39]" name="getClose" is-config="true" duration-ms="587" started-at="2019-10-15T11:15:42Z" finished-at="2019-10-15T11:15:42Z">
          <reporter-output>
          </reporter-output>
        </test-method> <!-- getClose -->
        <test-method status="PASS" signature="browserClose()[pri:0, instance:com.atmecs.TaskKonakart.TaskKonakort.SearchValidation@1d057a39]" name="browserClose" is-config="true" duration-ms="125" started-at="2019-10-15T11:15:42Z" finished-at="2019-10-15T11:15:43Z">
          <reporter-output>
          </reporter-output>
        </test-method> <!-- browserClose -->
      </class> <!-- com.atmecs.TaskKonakart.TaskKonakort.SearchValidation -->
    </test> <!-- Test -->
  </suite> <!-- Suite -->
</testng-results>
