<?xml version="1.0" encoding="UTF-8"?>
<testng-results skipped="0" failed="0" ignored="0" total="1" passed="1">
  <reporter-output>
  </reporter-output>
  <suite name="Default suite" duration-ms="41321" started-at="2019-10-31T15:06:57Z" finished-at="2019-10-31T15:07:39Z">
    <groups>
    </groups>
    <test name="Default test" duration-ms="41321" started-at="2019-10-31T15:06:57Z" finished-at="2019-10-31T15:07:39Z">
      <class name="com.atmecs.practo.testscripts.Suites">
        <test-method status="PASS" signature="suitemethod()[pri:0, instance:com.atmecs.practo.testscripts.Suites@18be83e4]" name="suitemethod" duration-ms="41288" started-at="2019-10-31T15:06:57Z" finished-at="2019-10-31T15:07:39Z">
          <reporter-output>
          </reporter-output>
        </test-method> <!-- suitemethod -->
      </class> <!-- com.atmecs.practo.testscripts.Suites -->
    </test> <!-- Default test -->
  </suite> <!-- Default suite -->
</testng-results>
